In file included from [01m[K/opt/ros/humble/include/rclcpp/rclcpp/client.hpp:40[m[K,
                 from [01m[K/opt/ros/humble/include/rclcpp/rclcpp/callback_group.hpp:24[m[K,
                 from [01m[K/opt/ros/humble/include/rclcpp/rclcpp/any_executable.hpp:20[m[K,
                 from [01m[K/opt/ros/humble/include/rclcpp/rclcpp/memory_strategy.hpp:25[m[K,
                 from [01m[K/opt/ros/humble/include/rclcpp/rclcpp/memory_strategies.hpp:18[m[K,
                 from [01m[K/opt/ros/humble/include/rclcpp/rclcpp/executor_options.hpp:20[m[K,
                 from [01m[K/opt/ros/humble/include/rclcpp/rclcpp/executor.hpp:37[m[K,
                 from [01m[K/opt/ros/humble/include/rclcpp/rclcpp/executors/multi_threaded_executor.hpp:25[m[K,
                 from [01m[K/opt/ros/humble/include/rclcpp/rclcpp/executors.hpp:21[m[K,
                 from [01m[K/opt/ros/humble/include/rclcpp/rclcpp/rclcpp.hpp:155[m[K,
                 from [01m[K/home/gryd/Project/ros2-ws/src/controller/src/controller_pub.cpp:6[m[K:
[01m[K/home/gryd/Project/ros2-ws/src/controller/src/controller_pub.cpp:[m[K In constructor â€˜[01m[KControllerPub::ControllerPub()[m[Kâ€™:
[01m[K/home/gryd/Project/ros2-ws/src/controller/src/controller_pub.cpp:17:10:[m[K [01;31m[Kerror: [m[Kinvalid use of non-static member function â€˜[01m[Krclcpp::Logger rclcpp::Node::get_logger() const[m[Kâ€™
   17 |          [01;31m[KRCLCPP_INFO[m[K(this->get_logger, "Controller Pub started");
      |          [01;31m[K^~~~~~~~~~~[m[K
In file included from [01m[K/opt/ros/humble/include/rclcpp/rclcpp/executors/single_threaded_executor.hpp:28[m[K,
                 from [01m[K/opt/ros/humble/include/rclcpp/rclcpp/executors.hpp:22[m[K,
                 from [01m[K/opt/ros/humble/include/rclcpp/rclcpp/rclcpp.hpp:155[m[K,
                 from [01m[K/home/gryd/Project/ros2-ws/src/controller/src/controller_pub.cpp:6[m[K:
[01m[K/opt/ros/humble/include/rclcpp/rclcpp/node.hpp:142:3:[m[K [01;36m[Knote: [m[Kdeclared here
  142 |   [01;36m[Kget_logger[m[K() const;
      |   [01;36m[K^~~~~~~~~~[m[K
In file included from [01m[K/opt/ros/humble/include/rclcpp/rclcpp/client.hpp:40[m[K,
                 from [01m[K/opt/ros/humble/include/rclcpp/rclcpp/callback_group.hpp:24[m[K,
                 from [01m[K/opt/ros/humble/include/rclcpp/rclcpp/any_executable.hpp:20[m[K,
                 from [01m[K/opt/ros/humble/include/rclcpp/rclcpp/memory_strategy.hpp:25[m[K,
                 from [01m[K/opt/ros/humble/include/rclcpp/rclcpp/memory_strategies.hpp:18[m[K,
                 from [01m[K/opt/ros/humble/include/rclcpp/rclcpp/executor_options.hpp:20[m[K,
                 from [01m[K/opt/ros/humble/include/rclcpp/rclcpp/executor.hpp:37[m[K,
                 from [01m[K/opt/ros/humble/include/rclcpp/rclcpp/executors/multi_threaded_executor.hpp:25[m[K,
                 from [01m[K/opt/ros/humble/include/rclcpp/rclcpp/executors.hpp:21[m[K,
                 from [01m[K/opt/ros/humble/include/rclcpp/rclcpp/rclcpp.hpp:155[m[K,
                 from [01m[K/home/gryd/Project/ros2-ws/src/controller/src/controller_pub.cpp:6[m[K:
[01m[K/home/gryd/Project/ros2-ws/src/controller/src/controller_pub.cpp:17:10:[m[K [01;31m[Kerror: [m[Ktemplate argument 1 is invalid
   17 |          [01;31m[KRCLCPP_INFO[m[K(this->get_logger, "Controller Pub started");
      |          [01;31m[K^~~~~~~~~~~[m[K
[01m[K/home/gryd/Project/ros2-ws/src/controller/src/controller_pub.cpp:17:10:[m[K [01;31m[Kerror: [m[Ktemplate argument 1 is invalid
   17 |          [01;31m[KRCLCPP_INFO[m[K(this->get_logger, "Controller Pub started");
      |          [01;31m[K^~~~~~~~~~~[m[K
[01m[K/home/gryd/Project/ros2-ws/src/controller/src/controller_pub.cpp:17:10:[m[K [01;31m[Kerror: [m[Ktemplate argument 1 is invalid
   17 |          [01;31m[KRCLCPP_INFO[m[K(this->get_logger, "Controller Pub started");
      |          [01;31m[K^~~~~~~~~~~[m[K
In file included from [01m[K/opt/ros/humble/include/rclcpp/rclcpp/logging.hpp:24[m[K,
                 from [01m[K/opt/ros/humble/include/rclcpp/rclcpp/client.hpp:40[m[K,
                 from [01m[K/opt/ros/humble/include/rclcpp/rclcpp/callback_group.hpp:24[m[K,
                 from [01m[K/opt/ros/humble/include/rclcpp/rclcpp/any_executable.hpp:20[m[K,
                 from [01m[K/opt/ros/humble/include/rclcpp/rclcpp/memory_strategy.hpp:25[m[K,
                 from [01m[K/opt/ros/humble/include/rclcpp/rclcpp/memory_strategies.hpp:18[m[K,
                 from [01m[K/opt/ros/humble/include/rclcpp/rclcpp/executor_options.hpp:20[m[K,
                 from [01m[K/opt/ros/humble/include/rclcpp/rclcpp/executor.hpp:37[m[K,
                 from [01m[K/opt/ros/humble/include/rclcpp/rclcpp/executors/multi_threaded_executor.hpp:25[m[K,
                 from [01m[K/opt/ros/humble/include/rclcpp/rclcpp/executors.hpp:21[m[K,
                 from [01m[K/opt/ros/humble/include/rclcpp/rclcpp/rclcpp.hpp:155[m[K,
                 from [01m[K/home/gryd/Project/ros2-ws/src/controller/src/controller_pub.cpp:6[m[K:
[01m[K/home/gryd/Project/ros2-ws/src/controller/src/controller_pub.cpp:17:28:[m[K [01;31m[Kerror: [m[Kinvalid use of member function â€˜[01m[Krclcpp::Logger rclcpp::Node::get_logger() const[m[Kâ€™ (did you forget the â€˜[01m[K()[m[Kâ€™ ?)
   17 |          RCLCPP_INFO(this->[01;31m[Kg[m[Ket_logger, "Controller Pub started");
      |                            [01;31m[K^[m[K
[01m[K/home/gryd/Project/ros2-ws/src/controller/src/controller_pub.cpp:17:28:[m[K [01;31m[Kerror: [m[Kinvalid use of member function â€˜[01m[Krclcpp::Logger rclcpp::Node::get_logger() const[m[Kâ€™ (did you forget the â€˜[01m[K()[m[Kâ€™ ?)
   17 |          RCLCPP_INFO(this->[01;31m[Kg[m[Ket_logger, "Controller Pub started");
      |                            [01;31m[K^[m[K
gmake[2]: *** [CMakeFiles/control_pub.dir/build.make:76: CMakeFiles/control_pub.dir/src/controller_pub.cpp.o] Error 1
gmake[1]: *** [CMakeFiles/Makefile2:137: CMakeFiles/control_pub.dir/all] Error 2
gmake: *** [Makefile:146: all] Error 2
