[0.027s] Invoking command in '/home/gryd/Project/ros2-ws/build/controller': CMAKE_PREFIX_PATH=${CMAKE_PREFIX_PATH}:/opt/ros/humble /usr/bin/cmake /home/gryd/Project/ros2-ws/src/controller -DCMAKE_INSTALL_PREFIX=/home/gryd/Project/ros2-ws/install/controller
[0.301s] -- The C compiler identification is GNU 11.4.0
[0.574s] -- The CXX compiler identification is GNU 11.4.0
[0.588s] -- Detecting C compiler ABI info
[0.700s] -- Detecting C compiler ABI info - done
[0.720s] -- Check for working C compiler: /usr/bin/cc - skipped
[0.722s] -- Detecting C compile features
[0.724s] -- Detecting C compile features - done
[0.731s] -- Detecting CXX compiler ABI info
[0.858s] -- Detecting CXX compiler ABI info - done
[0.871s] -- Check for working CXX compiler: /usr/bin/c++ - skipped
[0.872s] -- Detecting CXX compile features
[0.872s] -- Detecting CXX compile features - done
[0.890s] -- Found ament_cmake: 1.3.10 (/opt/ros/humble/share/ament_cmake/cmake)
[1.133s] -- Found Python3: /usr/bin/python3 (found version "3.10.12") found components: Interpreter 
[1.304s] -- Found rclcpp: 16.0.10 (/opt/ros/humble/share/rclcpp/cmake)
[1.476s] -- Found rosidl_generator_c: 3.1.5 (/opt/ros/humble/share/rosidl_generator_c/cmake)
[1.491s] -- Found rosidl_adapter: 3.1.5 (/opt/ros/humble/share/rosidl_adapter/cmake)
[1.517s] -- Found rosidl_generator_cpp: 3.1.5 (/opt/ros/humble/share/rosidl_generator_cpp/cmake)
[1.560s] -- Using all available rosidl_typesupport_c: rosidl_typesupport_fastrtps_c;rosidl_typesupport_introspection_c
[1.594s] -- Using all available rosidl_typesupport_cpp: rosidl_typesupport_fastrtps_cpp;rosidl_typesupport_introspection_cpp
[1.700s] -- Found rmw_implementation_cmake: 6.1.2 (/opt/ros/humble/share/rmw_implementation_cmake/cmake)
[1.706s] -- Found rmw_fastrtps_cpp: 6.2.7 (/opt/ros/humble/share/rmw_fastrtps_cpp/cmake)
[1.939s] -- Found OpenSSL: /usr/lib/x86_64-linux-gnu/libcrypto.so (found version "3.0.2")  
[1.989s] -- Found FastRTPS: /opt/ros/humble/include  
[2.069s] -- Using RMW implementation 'rmw_fastrtps_cpp' as default
[2.088s] -- Looking for pthread.h
[2.190s] -- Looking for pthread.h - found
[2.190s] -- Performing Test CMAKE_HAVE_LIBC_PTHREAD
[2.292s] -- Performing Test CMAKE_HAVE_LIBC_PTHREAD - Success
[2.293s] -- Found Threads: TRUE  
[2.416s] -- Found geometry_msgs: 4.2.4 (/opt/ros/humble/share/geometry_msgs/cmake)
[2.459s] -- Found sensor_msgs: 4.2.4 (/opt/ros/humble/share/sensor_msgs/cmake)
[2.501s] -- Found ament_lint_auto: 0.12.11 (/opt/ros/humble/share/ament_lint_auto/cmake)
[2.646s] -- Added test 'cppcheck' to perform static code analysis on C / C++ code
[2.646s] -- Configured cppcheck include dirs: 
[2.646s] -- Configured cppcheck exclude dirs and/or files: 
[2.648s] -- Added test 'lint_cmake' to check CMake code style
[2.651s] -- Added test 'uncrustify' to check C / C++ code style
[2.651s] -- Configured uncrustify additional arguments: 
[2.653s] -- Added test 'xmllint' to check XML markup files
[2.657s] -- Configuring done
[2.672s] -- Generating done
[2.675s] -- Build files have been written to: /home/gryd/Project/ros2-ws/build/controller
[2.686s] Invoked command in '/home/gryd/Project/ros2-ws/build/controller' returned '0': CMAKE_PREFIX_PATH=${CMAKE_PREFIX_PATH}:/opt/ros/humble /usr/bin/cmake /home/gryd/Project/ros2-ws/src/controller -DCMAKE_INSTALL_PREFIX=/home/gryd/Project/ros2-ws/install/controller
[2.689s] Invoking command in '/home/gryd/Project/ros2-ws/build/controller': CMAKE_PREFIX_PATH=${CMAKE_PREFIX_PATH}:/opt/ros/humble /usr/bin/cmake --build /home/gryd/Project/ros2-ws/build/controller -- -j4 -l4
[2.761s] [ 50%] [32mBuilding CXX object CMakeFiles/control_pub.dir/src/controller_pub.cpp.o[0m
[6.861s] In file included from [01m[K/opt/ros/humble/include/rclcpp/rclcpp/client.hpp:40[m[K,
[6.861s]                  from [01m[K/opt/ros/humble/include/rclcpp/rclcpp/callback_group.hpp:24[m[K,
[6.862s]                  from [01m[K/opt/ros/humble/include/rclcpp/rclcpp/any_executable.hpp:20[m[K,
[6.862s]                  from [01m[K/opt/ros/humble/include/rclcpp/rclcpp/memory_strategy.hpp:25[m[K,
[6.862s]                  from [01m[K/opt/ros/humble/include/rclcpp/rclcpp/memory_strategies.hpp:18[m[K,
[6.863s]                  from [01m[K/opt/ros/humble/include/rclcpp/rclcpp/executor_options.hpp:20[m[K,
[6.863s]                  from [01m[K/opt/ros/humble/include/rclcpp/rclcpp/executor.hpp:37[m[K,
[6.863s]                  from [01m[K/opt/ros/humble/include/rclcpp/rclcpp/executors/multi_threaded_executor.hpp:25[m[K,
[6.863s]                  from [01m[K/opt/ros/humble/include/rclcpp/rclcpp/executors.hpp:21[m[K,
[6.863s]                  from [01m[K/opt/ros/humble/include/rclcpp/rclcpp/rclcpp.hpp:155[m[K,
[6.863s]                  from [01m[K/home/gryd/Project/ros2-ws/src/controller/src/controller_pub.cpp:6[m[K:
[6.864s] [01m[K/home/gryd/Project/ros2-ws/src/controller/src/controller_pub.cpp:[m[K In constructor â€˜[01m[KControllerPub::ControllerPub()[m[Kâ€™:
[6.865s] [01m[K/home/gryd/Project/ros2-ws/src/controller/src/controller_pub.cpp:17:10:[m[K [01;31m[Kerror: [m[Kinvalid use of non-static member function â€˜[01m[Krclcpp::Logger rclcpp::Node::get_logger() const[m[Kâ€™
[6.865s]    17 |          [01;31m[KRCLCPP_INFO[m[K(this->get_logger, "Controller Pub started");
[6.865s]       |          [01;31m[K^~~~~~~~~~~[m[K
[6.866s] In file included from [01m[K/opt/ros/humble/include/rclcpp/rclcpp/executors/single_threaded_executor.hpp:28[m[K,
[6.866s]                  from [01m[K/opt/ros/humble/include/rclcpp/rclcpp/executors.hpp:22[m[K,
[6.866s]                  from [01m[K/opt/ros/humble/include/rclcpp/rclcpp/rclcpp.hpp:155[m[K,
[6.866s]                  from [01m[K/home/gryd/Project/ros2-ws/src/controller/src/controller_pub.cpp:6[m[K:
[6.866s] [01m[K/opt/ros/humble/include/rclcpp/rclcpp/node.hpp:142:3:[m[K [01;36m[Knote: [m[Kdeclared here
[6.866s]   142 |   [01;36m[Kget_logger[m[K() const;
[6.867s]       |   [01;36m[K^~~~~~~~~~[m[K
[6.867s] In file included from [01m[K/opt/ros/humble/include/rclcpp/rclcpp/client.hpp:40[m[K,
[6.867s]                  from [01m[K/opt/ros/humble/include/rclcpp/rclcpp/callback_group.hpp:24[m[K,
[6.867s]                  from [01m[K/opt/ros/humble/include/rclcpp/rclcpp/any_executable.hpp:20[m[K,
[6.867s]                  from [01m[K/opt/ros/humble/include/rclcpp/rclcpp/memory_strategy.hpp:25[m[K,
[6.867s]                  from [01m[K/opt/ros/humble/include/rclcpp/rclcpp/memory_strategies.hpp:18[m[K,
[6.868s]                  from [01m[K/opt/ros/humble/include/rclcpp/rclcpp/executor_options.hpp:20[m[K,
[6.868s]                  from [01m[K/opt/ros/humble/include/rclcpp/rclcpp/executor.hpp:37[m[K,
[6.868s]                  from [01m[K/opt/ros/humble/include/rclcpp/rclcpp/executors/multi_threaded_executor.hpp:25[m[K,
[6.868s]                  from [01m[K/opt/ros/humble/include/rclcpp/rclcpp/executors.hpp:21[m[K,
[6.868s]                  from [01m[K/opt/ros/humble/include/rclcpp/rclcpp/rclcpp.hpp:155[m[K,
[6.868s]                  from [01m[K/home/gryd/Project/ros2-ws/src/controller/src/controller_pub.cpp:6[m[K:
[6.869s] [01m[K/home/gryd/Project/ros2-ws/src/controller/src/controller_pub.cpp:17:10:[m[K [01;31m[Kerror: [m[Ktemplate argument 1 is invalid
[6.869s]    17 |          [01;31m[KRCLCPP_INFO[m[K(this->get_logger, "Controller Pub started");
[6.869s]       |          [01;31m[K^~~~~~~~~~~[m[K
[6.869s] [01m[K/home/gryd/Project/ros2-ws/src/controller/src/controller_pub.cpp:17:10:[m[K [01;31m[Kerror: [m[Ktemplate argument 1 is invalid
[6.869s]    17 |          [01;31m[KRCLCPP_INFO[m[K(this->get_logger, "Controller Pub started");
[6.869s]       |          [01;31m[K^~~~~~~~~~~[m[K
[6.869s] [01m[K/home/gryd/Project/ros2-ws/src/controller/src/controller_pub.cpp:17:10:[m[K [01;31m[Kerror: [m[Ktemplate argument 1 is invalid
[6.870s]    17 |          [01;31m[KRCLCPP_INFO[m[K(this->get_logger, "Controller Pub started");
[6.870s]       |          [01;31m[K^~~~~~~~~~~[m[K
[6.870s] In file included from [01m[K/opt/ros/humble/include/rclcpp/rclcpp/logging.hpp:24[m[K,
[6.871s]                  from [01m[K/opt/ros/humble/include/rclcpp/rclcpp/client.hpp:40[m[K,
[6.871s]                  from [01m[K/opt/ros/humble/include/rclcpp/rclcpp/callback_group.hpp:24[m[K,
[6.871s]                  from [01m[K/opt/ros/humble/include/rclcpp/rclcpp/any_executable.hpp:20[m[K,
[6.871s]                  from [01m[K/opt/ros/humble/include/rclcpp/rclcpp/memory_strategy.hpp:25[m[K,
[6.871s]                  from [01m[K/opt/ros/humble/include/rclcpp/rclcpp/memory_strategies.hpp:18[m[K,
[6.872s]                  from [01m[K/opt/ros/humble/include/rclcpp/rclcpp/executor_options.hpp:20[m[K,
[6.872s]                  from [01m[K/opt/ros/humble/include/rclcpp/rclcpp/executor.hpp:37[m[K,
[6.872s]                  from [01m[K/opt/ros/humble/include/rclcpp/rclcpp/executors/multi_threaded_executor.hpp:25[m[K,
[6.872s]                  from [01m[K/opt/ros/humble/include/rclcpp/rclcpp/executors.hpp:21[m[K,
[6.872s]                  from [01m[K/opt/ros/humble/include/rclcpp/rclcpp/rclcpp.hpp:155[m[K,
[6.872s]                  from [01m[K/home/gryd/Project/ros2-ws/src/controller/src/controller_pub.cpp:6[m[K:
[6.872s] [01m[K/home/gryd/Project/ros2-ws/src/controller/src/controller_pub.cpp:17:28:[m[K [01;31m[Kerror: [m[Kinvalid use of member function â€˜[01m[Krclcpp::Logger rclcpp::Node::get_logger() const[m[Kâ€™ (did you forget the â€˜[01m[K()[m[Kâ€™ ?)
[6.873s]    17 |          RCLCPP_INFO(this->[01;31m[Kg[m[Ket_logger, "Controller Pub started");
[6.873s]       |                            [01;31m[K^[m[K
[6.873s] [01m[K/home/gryd/Project/ros2-ws/src/controller/src/controller_pub.cpp:17:28:[m[K [01;31m[Kerror: [m[Kinvalid use of member function â€˜[01m[Krclcpp::Logger rclcpp::Node::get_logger() const[m[Kâ€™ (did you forget the â€˜[01m[K()[m[Kâ€™ ?)
[6.873s]    17 |          RCLCPP_INFO(this->[01;31m[Kg[m[Ket_logger, "Controller Pub started");
[6.873s]       |                            [01;31m[K^[m[K
[10.819s] gmake[2]: *** [CMakeFiles/control_pub.dir/build.make:76: CMakeFiles/control_pub.dir/src/controller_pub.cpp.o] Error 1
[10.819s] gmake[1]: *** [CMakeFiles/Makefile2:137: CMakeFiles/control_pub.dir/all] Error 2
[10.819s] gmake: *** [Makefile:146: all] Error 2
[10.822s] Invoked command in '/home/gryd/Project/ros2-ws/build/controller' returned '2': CMAKE_PREFIX_PATH=${CMAKE_PREFIX_PATH}:/opt/ros/humble /usr/bin/cmake --build /home/gryd/Project/ros2-ws/build/controller -- -j4 -l4
